# JRE version: OpenJDK Runtime Environment Temurin-17.0.9+9 (17.0.9+9) (build 17.0.9+9)
# Java VM: OpenJDK 64-Bit Server VM Temurin-17.0.9+9 (17.0.9+9, mixed mode, tiered, compressed oops, compressed class ptrs, parallel gc, windows-amd64)
GC Precious Log:
 CPUs: 8 total, 8 available
 Memory: 8029M
 Large Page Support: Disabled
 NUMA Support: Disabled
 Compressed Oops: Enabled (32-bit)
 Alignments: Space 512K, Generation 512K, Heap 2M
 Heap Min Capacity: 100M
 Heap Initial Capacity: 100M
 Heap Max Capacity: 1G
 Pre-touch: Disabled
 Parallel Workers: 8
Heap:
 PSYoungGen      total 28160K, used 10775K [0x00000000eab00000, 0x00000000ecf80000, 0x0000000100000000)
  eden space 18944K, 17% used [0x00000000eab00000,0x00000000eae3a878,0x00000000ebd80000)
  from space 9216K, 81% used [0x00000000ebd80000,0x00000000ec4cb510,0x00000000ec680000)
  to   space 7680K, 0% used [0x00000000ec800000,0x00000000ec800000,0x00000000ecf80000)
 ParOldGen       total 284160K, used 252654K [0x00000000c0000000, 0x00000000d1580000, 0x00000000eab00000)
  object space 284160K, 88% used [0x00000000c0000000,0x00000000cf6bb9f8,0x00000000d1580000)
 Metaspace       used 56347K, committed 57408K, reserved 1114112K
  class space    used 6051K, committed 6528K, reserved 1048576K
GC Heap History (20 events):
Event: 20.437 GC heap before
{Heap before GC invocations=114 (full 8):
 PSYoungGen      total 19968K, used 19488K [0x00000000eab00000, 0x00000000ec800000, 0x0000000100000000)
  eden space 14336K, 100% used [0x00000000eab00000,0x00000000eb900000,0x00000000eb900000)
  from space 5632K, 91% used [0x00000000ec280000,0x00000000ec788118,0x00000000ec800000)
  to   space 6144K, 0% used [0x00000000ebc00000,0x00000000ebc00000,0x00000000ec200000)
 ParOldGen       total 236544K, used 206753K [0x00000000c0000000, 0x00000000ce700000, 0x00000000eab00000)
  object space 236544K, 87% used [0x00000000c0000000,0x00000000cc9e8648,0x00000000ce700000)
 Metaspace       used 56347K, committed 57408K, reserved 1114112K
  class space    used 6051K, committed 6528K, reserved 1048576K
}
Event: 20.442 GC heap after
{Heap after GC invocations=114 (full 8):
 PSYoungGen      total 22016K, used 6119K [0x00000000eab00000, 0x00000000ecb80000, 0x0000000100000000)
  eden space 15872K, 0% used [0x00000000eab00000,0x00000000eab00000,0x00000000eba80000)
  from space 6144K, 99% used [0x00000000ebc00000,0x00000000ec1f9d10,0x00000000ec200000)
  to   space 8704K, 0% used [0x00000000ec300000,0x00000000ec300000,0x00000000ecb80000)
 ParOldGen       total 236544K, used 208597K [0x00000000c0000000, 0x00000000ce700000, 0x00000000eab00000)
  object space 236544K, 88% used [0x00000000c0000000,0x00000000ccbb5578,0x00000000ce700000)
 Metaspace       used 56347K, committed 57408K, reserved 1114112K
  class space    used 6051K, committed 6528K, reserved 1048576K
}
Event: 20.511 GC heap before
{Heap before GC invocations=115 (full 8):
 PSYoungGen      total 22016K, used 21991K [0x00000000eab00000, 0x00000000ecb80000, 0x0000000100000000)
  eden space 15872K, 100% used [0x00000000eab00000,0x00000000eba80000,0x00000000eba80000)
  from space 6144K, 99% used [0x00000000ebc00000,0x00000000ec1f9d10,0x00000000ec200000)
  to   space 8704K, 0% used [0x00000000ec300000,0x00000000ec300000,0x00000000ecb80000)
 ParOldGen       total 236544K, used 208597K [0x00000000c0000000, 0x00000000ce700000, 0x00000000eab00000)
  object space 236544K, 88% used [0x00000000c0000000,0x00000000ccbb5578,0x00000000ce700000)
 Metaspace       used 56347K, committed 57408K, reserved 1114112K
  class space    used 6051K, committed 6528K, reserved 1048576K
}
Event: 20.517 GC heap after
{Heap after GC invocations=115 (full 8):
 PSYoungGen      total 23552K, used 5776K [0x00000000eab00000, 0x00000000ec900000, 0x0000000100000000)
  eden space 17408K, 0% used [0x00000000eab00000,0x00000000eab00000,0x00000000ebc00000)
  from space 6144K, 94% used [0x00000000ec300000,0x00000000ec8a4210,0x00000000ec900000)
  to   space 6656K, 0% used [0x00000000ebc00000,0x00000000ebc00000,0x00000000ec280000)
 ParOldGen       total 236544K, used 212322K [0x00000000c0000000, 0x00000000ce700000, 0x00000000eab00000)
  object space 236544K, 89% used [0x00000000c0000000,0x00000000ccf58ab0,0x00000000ce700000)
 Metaspace       used 56347K, committed 57408K, reserved 1114112K
  class space    used 6051K, committed 6528K, reserved 1048576K
}
Event: 20.614 GC heap before
{Heap before GC invocations=116 (full 8):
 PSYoungGen      total 23552K, used 23184K [0x00000000eab00000, 0x00000000ec900000, 0x0000000100000000)
  eden space 17408K, 100% used [0x00000000eab00000,0x00000000ebc00000,0x00000000ebc00000)
  from space 6144K, 94% used [0x00000000ec300000,0x00000000ec8a4210,0x00000000ec900000)
  to   space 6656K, 0% used [0x00000000ebc00000,0x00000000ebc00000,0x00000000ec280000)
 ParOldGen       total 236544K, used 212322K [0x00000000c0000000, 0x00000000ce700000, 0x00000000eab00000)
  object space 236544K, 89% used [0x00000000c0000000,0x00000000ccf58ab0,0x00000000ce700000)
 Metaspace       used 56347K, committed 57408K, reserved 1114112K
  class space    used 6051K, committed 6528K, reserved 1048576K
}
Event: 20.619 GC heap after
{Heap after GC invocations=116 (full 8):
 PSYoungGen      total 24064K, used 6634K [0x00000000eab00000, 0x00000000ed100000, 0x0000000100000000)
  eden space 17408K, 0% used [0x00000000eab00000,0x00000000eab00000,0x00000000ebc00000)
  from space 6656K, 99% used [0x00000000ebc00000,0x00000000ec27ab40,0x00000000ec280000)
  to   space 10752K, 0% used [0x00000000ec680000,0x00000000ec680000,0x00000000ed100000)
 ParOldGen       total 236544K, used 215317K [0x00000000c0000000, 0x00000000ce700000, 0x00000000eab00000)
  object space 236544K, 91% used [0x00000000c0000000,0x00000000cd245458,0x00000000ce700000)
 Metaspace       used 56347K, committed 57408K, reserved 1114112K
  class space    used 6051K, committed 6528K, reserved 1048576K
}
Event: 20.730 GC heap before
{Heap before GC invocations=117 (full 8):
 PSYoungGen      total 24064K, used 24042K [0x00000000eab00000, 0x00000000ed100000, 0x0000000100000000)
  eden space 17408K, 100% used [0x00000000eab00000,0x00000000ebc00000,0x00000000ebc00000)
  from space 6656K, 99% used [0x00000000ebc00000,0x00000000ec27ab40,0x00000000ec280000)
  to   space 10752K, 0% used [0x00000000ec680000,0x00000000ec680000,0x00000000ed100000)
 ParOldGen       total 236544K, used 215317K [0x00000000c0000000, 0x00000000ce700000, 0x00000000eab00000)
  object space 236544K, 91% used [0x00000000c0000000,0x00000000cd245458,0x00000000ce700000)
 Metaspace       used 56347K, committed 57408K, reserved 1114112K
  class space    used 6051K, committed 6528K, reserved 1048576K
}
Event: 20.741 GC heap after
{Heap after GC invocations=117 (full 8):
 PSYoungGen      total 24064K, used 6562K [0x00000000eab00000, 0x00000000ecd00000, 0x0000000100000000)
  eden space 17408K, 0% used [0x00000000eab00000,0x00000000eab00000,0x00000000ebc00000)
  from space 6656K, 98% used [0x00000000ec680000,0x00000000ecce8990,0x00000000ecd00000)
  to   space 7680K, 0% used [0x00000000ebe00000,0x00000000ebe00000,0x00000000ec580000)
 ParOldGen       total 236544K, used 219354K [0x00000000c0000000, 0x00000000ce700000, 0x00000000eab00000)
  object space 236544K, 92% used [0x00000000c0000000,0x00000000cd6368c8,0x00000000ce700000)
 Metaspace       used 56347K, committed 57408K, reserved 1114112K
  class space    used 6051K, committed 6528K, reserved 1048576K
}
Event: 20.841 GC heap before
{Heap before GC invocations=118 (full 8):
 PSYoungGen      total 24064K, used 23970K [0x00000000eab00000, 0x00000000ecd00000, 0x0000000100000000)
  eden space 17408K, 100% used [0x00000000eab00000,0x00000000ebc00000,0x00000000ebc00000)
  from space 6656K, 98% used [0x00000000ec680000,0x00000000ecce8990,0x00000000ecd00000)
  to   space 7680K, 0% used [0x00000000ebe00000,0x00000000ebe00000,0x00000000ec580000)
 ParOldGen       total 236544K, used 219354K [0x00000000c0000000, 0x00000000ce700000, 0x00000000eab00000)
  object space 236544K, 92% used [0x00000000c0000000,0x00000000cd6368c8,0x00000000ce700000)
 Metaspace       used 56347K, committed 57408K, reserved 1114112K
  class space    used 6051K, committed 6528K, reserved 1048576K
}
Event: 20.847 GC heap after
{Heap after GC invocations=118 (full 8):
 PSYoungGen      total 25088K, used 7648K [0x00000000eab00000, 0x00000000ed200000, 0x0000000100000000)
  eden space 17408K, 0% used [0x00000000eab00000,0x00000000eab00000,0x00000000ebc00000)
  from space 7680K, 99% used [0x00000000ebe00000,0x00000000ec5781e8,0x00000000ec580000)
  to   space 11264K, 0% used [0x00000000ec700000,0x00000000ec700000,0x00000000ed200000)
 ParOldGen       total 236544K, used 221858K [0x00000000c0000000, 0x00000000ce700000, 0x00000000eab00000)
  object space 236544K, 93% used [0x00000000c0000000,0x00000000cd8a8948,0x00000000ce700000)
 Metaspace       used 56347K, committed 57408K, reserved 1114112K
  class space    used 6051K, committed 6528K, reserved 1048576K
}
Event: 20.937 GC heap before
{Heap before GC invocations=119 (full 8):
 PSYoungGen      total 25088K, used 25056K [0x00000000eab00000, 0x00000000ed200000, 0x0000000100000000)
  eden space 17408K, 100% used [0x00000000eab00000,0x00000000ebc00000,0x00000000ebc00000)
  from space 7680K, 99% used [0x00000000ebe00000,0x00000000ec5781e8,0x00000000ec580000)
  to   space 11264K, 0% used [0x00000000ec700000,0x00000000ec700000,0x00000000ed200000)
 ParOldGen       total 236544K, used 221858K [0x00000000c0000000, 0x00000000ce700000, 0x00000000eab00000)
  object space 236544K, 93% used [0x00000000c0000000,0x00000000cd8a8948,0x00000000ce700000)
 Metaspace       used 56347K, committed 57408K, reserved 1114112K
  class space    used 6051K, committed 6528K, reserved 1048576K
}
Event: 20.944 GC heap after
{Heap after GC invocations=119 (full 8):
 PSYoungGen      total 24576K, used 6657K [0x00000000eab00000, 0x00000000ece00000, 0x0000000100000000)
  eden space 17408K, 0% used [0x00000000eab00000,0x00000000eab00000,0x00000000ebc00000)
  from space 7168K, 92% used [0x00000000ec700000,0x00000000ecd80760,0x00000000ece00000)
  to   space 8192K, 0% used [0x00000000ebe00000,0x00000000ebe00000,0x00000000ec600000)
 ParOldGen       total 236544K, used 226937K [0x00000000c0000000, 0x00000000ce700000, 0x00000000eab00000)
  object space 236544K, 95% used [0x00000000c0000000,0x00000000cdd9e418,0x00000000ce700000)
 Metaspace       used 56347K, committed 57408K, reserved 1114112K
  class space    used 6051K, committed 6528K, reserved 1048576K
}
Event: 21.052 GC heap before
{Heap before GC invocations=120 (full 8):
 PSYoungGen      total 24576K, used 24065K [0x00000000eab00000, 0x00000000ece00000, 0x0000000100000000)
  eden space 17408K, 100% used [0x00000000eab00000,0x00000000ebc00000,0x00000000ebc00000)
  from space 7168K, 92% used [0x00000000ec700000,0x00000000ecd80760,0x00000000ece00000)
  to   space 8192K, 0% used [0x00000000ebe00000,0x00000000ebe00000,0x00000000ec600000)
 ParOldGen       total 236544K, used 226937K [0x00000000c0000000, 0x00000000ce700000, 0x00000000eab00000)
  object space 236544K, 95% used [0x00000000c0000000,0x00000000cdd9e418,0x00000000ce700000)
 Metaspace       used 56347K, committed 57408K, reserved 1114112K
  class space    used 6051K, committed 6528K, reserved 1048576K
}
Event: 21.059 GC heap after
{Heap after GC invocations=120 (full 8):
 PSYoungGen      total 25600K, used 8175K [0x00000000eab00000, 0x00000000ed400000, 0x0000000100000000)
  eden space 17408K, 0% used [0x00000000eab00000,0x00000000eab00000,0x00000000ebc00000)
  from space 8192K, 99% used [0x00000000ebe00000,0x00000000ec5fbcf8,0x00000000ec600000)
  to   space 12288K, 0% used [0x00000000ec800000,0x00000000ec800000,0x00000000ed400000)
 ParOldGen       total 236544K, used 229825K [0x00000000c0000000, 0x00000000ce700000, 0x00000000eab00000)
  object space 236544K, 97% used [0x00000000c0000000,0x00000000ce0705d8,0x00000000ce700000)
 Metaspace       used 56347K, committed 57408K, reserved 1114112K
  class space    used 6051K, committed 6528K, reserved 1048576K
}
Event: 21.138 GC heap before
{Heap before GC invocations=121 (full 8):
 PSYoungGen      total 25600K, used 25583K [0x00000000eab00000, 0x00000000ed400000, 0x0000000100000000)
  eden space 17408K, 100% used [0x00000000eab00000,0x00000000ebc00000,0x00000000ebc00000)
  from space 8192K, 99% used [0x00000000ebe00000,0x00000000ec5fbcf8,0x00000000ec600000)
  to   space 12288K, 0% used [0x00000000ec800000,0x00000000ec800000,0x00000000ed400000)
 ParOldGen       total 236544K, used 229825K [0x00000000c0000000, 0x00000000ce700000, 0x00000000eab00000)
  object space 236544K, 97% used [0x00000000c0000000,0x00000000ce0705d8,0x00000000ce700000)
 Metaspace       used 56347K, committed 57408K, reserved 1114112K
  class space    used 6051K, committed 6528K, reserved 1048576K
}
Event: 21.147 GC heap after
{Heap after GC invocations=121 (full 8):
 PSYoungGen      total 25600K, used 7683K [0x00000000eab00000, 0x00000000ed000000, 0x0000000100000000)
  eden space 17408K, 0% used [0x00000000eab00000,0x00000000eab00000,0x00000000ebc00000)
  from space 8192K, 93% used [0x00000000ec800000,0x00000000ecf80fa0,0x00000000ed000000)
  to   space 9216K, 0% used [0x00000000ebe00000,0x00000000ebe00000,0x00000000ec700000)
 ParOldGen       total 236544K, used 234747K [0x00000000c0000000, 0x00000000ce700000, 0x00000000eab00000)
  object space 236544K, 99% used [0x00000000c0000000,0x00000000ce53ed58,0x00000000ce700000)
 Metaspace       used 56347K, committed 57408K, reserved 1114112K
  class space    used 6051K, committed 6528K, reserved 1048576K
}
Event: 21.147 GC heap before
{Heap before GC invocations=122 (full 9):
 PSYoungGen      total 25600K, used 7683K [0x00000000eab00000, 0x00000000ed000000, 0x0000000100000000)
  eden space 17408K, 0% used [0x00000000eab00000,0x00000000eab00000,0x00000000ebc00000)
  from space 8192K, 93% used [0x00000000ec800000,0x00000000ecf80fa0,0x00000000ed000000)
  to   space 9216K, 0% used [0x00000000ebe00000,0x00000000ebe00000,0x00000000ec700000)
 ParOldGen       total 236544K, used 234747K [0x00000000c0000000, 0x00000000ce700000, 0x00000000eab00000)
  object space 236544K, 99% used [0x00000000c0000000,0x00000000ce53ed58,0x00000000ce700000)
 Metaspace       used 56347K, committed 57408K, reserved 1114112K
  class space    used 6051K, committed 6528K, reserved 1048576K
}
Event: 21.393 GC heap after
{Heap after GC invocations=122 (full 9):
 PSYoungGen      total 26624K, used 4298K [0x00000000eab00000, 0x00000000ecf80000, 0x0000000100000000)
  eden space 18944K, 0% used [0x00000000eab00000,0x00000000eab00000,0x00000000ebd80000)
  from space 7680K, 55% used [0x00000000ec800000,0x00000000ecc32898,0x00000000ecf80000)
  to   space 9216K, 0% used [0x00000000ebd80000,0x00000000ebd80000,0x00000000ec680000)
 ParOldGen       total 284160K, used 236120K [0x00000000c0000000, 0x00000000d1580000, 0x00000000eab00000)
  object space 284160K, 83% used [0x00000000c0000000,0x00000000ce696268,0x00000000d1580000)
 Metaspace       used 56347K, committed 57408K, reserved 1114112K
  class space    used 6051K, committed 6528K, reserved 1048576K
}
Event: 21.449 GC heap before
{Heap before GC invocations=123 (full 9):
 PSYoungGen      total 26624K, used 23242K [0x00000000eab00000, 0x00000000ecf80000, 0x0000000100000000)
  eden space 18944K, 100% used [0x00000000eab00000,0x00000000ebd80000,0x00000000ebd80000)
  from space 7680K, 55% used [0x00000000ec800000,0x00000000ecc32898,0x00000000ecf80000)
  to   space 9216K, 0% used [0x00000000ebd80000,0x00000000ebd80000,0x00000000ec680000)
 ParOldGen       total 284160K, used 236120K [0x00000000c0000000, 0x00000000d1580000, 0x00000000eab00000)
  object space 284160K, 83% used [0x00000000c0000000,0x00000000ce696268,0x00000000d1580000)
 Metaspace       used 56347K, committed 57408K, reserved 1114112K
  class space    used 6051K, committed 6528K, reserved 1048576K
}
Event: 21.473 GC heap after
{Heap after GC invocations=123 (full 9):
 PSYoungGen      total 28160K, used 9209K [0x00000000eab00000, 0x00000000ecf80000, 0x0000000100000000)
  eden space 18944K, 0% used [0x00000000eab00000,0x00000000eab00000,0x00000000ebd80000)
  from space 9216K, 99% used [0x00000000ebd80000,0x00000000ec67e648,0x00000000ec680000)
  to   space 7680K, 0% used [0x00000000ec800000,0x00000000ec800000,0x00000000ecf80000)
 ParOldGen       total 284160K, used 237063K [0x00000000c0000000, 0x00000000d1580000, 0x00000000eab00000)
  object space 284160K, 83% used [0x00000000c0000000,0x00000000ce781e80,0x00000000d1580000)
 Metaspace       used 56347K, committed 57408K, reserved 1114112K
  class space    used 6051K, committed 6528K, reserved 1048576K
}

